Started GET "/" for 127.0.0.1 at 2021-09-02 21:06:20 -0700
  [1m[35m (0.8ms)[0m  [1m[34mSELECT sqlite_version(*)[0m
Processing by Rails::WelcomeController#index as HTML
  Rendering /var/lib/gems/2.7.0/gems/railties-6.1.4.1/lib/rails/templates/rails/welcome/index.html.erb
  Rendered /var/lib/gems/2.7.0/gems/railties-6.1.4.1/lib/rails/templates/rails/welcome/index.html.erb (Duration: 3.5ms | Allocations: 444)
Completed 200 OK in 10ms (Views: 5.3ms | ActiveRecord: 0.0ms | Allocations: 3631)


Started GET "/" for ::1 at 2021-09-02 21:10:06 -0700
  [1m[35m (0.3ms)[0m  [1m[34mSELECT sqlite_version(*)[0m
Processing by Rails::WelcomeController#index as HTML
  Rendering /var/lib/gems/2.7.0/gems/railties-6.1.4.1/lib/rails/templates/rails/welcome/index.html.erb
  Rendered /var/lib/gems/2.7.0/gems/railties-6.1.4.1/lib/rails/templates/rails/welcome/index.html.erb (Duration: 3.3ms | Allocations: 332)
Completed 200 OK in 8ms (Views: 4.1ms | ActiveRecord: 0.0ms | Allocations: 2442)


Started GET "/" for ::1 at 2021-09-02 21:24:32 -0700
  [1m[35m (0.2ms)[0m  [1m[34mSELECT sqlite_version(*)[0m
Processing by Rails::WelcomeController#index as HTML
  Rendering /var/lib/gems/2.7.0/gems/railties-6.1.4.1/lib/rails/templates/rails/welcome/index.html.erb
  Rendered /var/lib/gems/2.7.0/gems/railties-6.1.4.1/lib/rails/templates/rails/welcome/index.html.erb (Duration: 3.4ms | Allocations: 332)
Completed 200 OK in 8ms (Views: 4.2ms | ActiveRecord: 0.0ms | Allocations: 2457)


Started GET "/articles" for ::1 at 2021-09-02 21:24:34 -0700
Processing by ArticlesController#index as HTML
  Rendering layout layouts/application.html.erb
  Rendering articles/index.html.erb within layouts/application
  Rendered articles/index.html.erb within layouts/application (Duration: 0.2ms | Allocations: 102)
[Webpacker] Compiling...
[Webpacker] Compiled all packs in /root/blog/public/packs
[Webpacker] Hash: e2a8a876c5815bee1e21
Version: webpack 4.46.0
Time: 978ms
Built at: 09/02/2021 9:24:36 PM
                                     Asset       Size       Chunks                         Chunk Names
    js/application-e421b4aa3f716bebdab1.js    125 KiB  application  [emitted] [immutable]  application
js/application-e421b4aa3f716bebdab1.js.map    139 KiB  application  [emitted] [dev]        application
                             manifest.json  364 bytes               [emitted]              
Entrypoint application = js/application-e421b4aa3f716bebdab1.js js/application-e421b4aa3f716bebdab1.js.map
[./app/javascript/channels sync recursive _channel\.js$] ./app/javascript/channels sync _channel\.js$ 160 bytes {application} [built]
[./app/javascript/channels/index.js] 211 bytes {application} [built]
[./app/javascript/packs/application.js] 492 bytes {application} [built]
[./node_modules/webpack/buildin/module.js] (webpack)/buildin/module.js 552 bytes {application} [built]
    + 3 hidden modules

  Rendered layout layouts/application.html.erb (Duration: 1905.7ms | Allocations: 15378)
Completed 200 OK in 1907ms (Views: 1906.6ms | ActiveRecord: 0.0ms | Allocations: 16471)


Started GET "/" for ::1 at 2021-09-02 21:30:20 -0700
  [1m[35m (0.2ms)[0m  [1m[34mSELECT sqlite_version(*)[0m
Processing by ArticlesController#index as HTML
  Rendering layout layouts/application.html.erb
  Rendering articles/index.html.erb within layouts/application
  Rendered articles/index.html.erb within layouts/application (Duration: 0.3ms | Allocations: 214)
[Webpacker] Everything's up-to-date. Nothing to do
  Rendered layout layouts/application.html.erb (Duration: 4.3ms | Allocations: 5180)
Completed 200 OK in 9ms (Views: 5.4ms | ActiveRecord: 0.0ms | Allocations: 7766)


Started GET "/" for ::1 at 2021-09-02 21:47:34 -0700
  [1m[35m (0.2ms)[0m  [1m[34mSELECT sqlite_version(*)[0m
Processing by ArticlesController#index as HTML
  Rendering layout layouts/application.html.erb
  Rendering articles/index.html.erb within layouts/application
  Rendered articles/index.html.erb within layouts/application (Duration: 0.3ms | Allocations: 214)
[Webpacker] Everything's up-to-date. Nothing to do
  Rendered layout layouts/application.html.erb (Duration: 4.6ms | Allocations: 5180)
Completed 200 OK in 9ms (Views: 5.7ms | ActiveRecord: 0.0ms | Allocations: 7766)


Started GET "/articles" for ::1 at 2021-09-02 21:47:37 -0700
Processing by ArticlesController#index as HTML
  Rendering layout layouts/application.html.erb
  Rendering articles/index.html.erb within layouts/application
  Rendered articles/index.html.erb within layouts/application (Duration: 0.1ms | Allocations: 34)
[Webpacker] Everything's up-to-date. Nothing to do
  Rendered layout layouts/application.html.erb (Duration: 2.3ms | Allocations: 2946)
Completed 200 OK in 3ms (Views: 2.6ms | ActiveRecord: 0.0ms | Allocations: 3326)


Started GET "/articles/hello" for ::1 at 2021-09-02 21:47:40 -0700
Processing by ArticlesController#hello as HTML
  Rendering layout layouts/application.html.erb
  Rendering articles/hello.html.erb within layouts/application
  Rendered articles/hello.html.erb within layouts/application (Duration: 0.2ms | Allocations: 105)
[Webpacker] Everything's up-to-date. Nothing to do
  Rendered layout layouts/application.html.erb (Duration: 2.4ms | Allocations: 3019)
Completed 200 OK in 3ms (Views: 2.8ms | ActiveRecord: 0.0ms | Allocations: 3519)


Started GET "/" for ::1 at 2021-09-02 22:38:31 -0700
  [1m[35m (0.2ms)[0m  [1m[34mSELECT sqlite_version(*)[0m
Processing by ArticlesController#index as HTML
  Rendering layout layouts/application.html.erb
  Rendering articles/index.html.erb within layouts/application
  Rendered articles/index.html.erb within layouts/application (Duration: 0.3ms | Allocations: 214)
[Webpacker] Everything's up-to-date. Nothing to do
  Rendered layout layouts/application.html.erb (Duration: 5.6ms | Allocations: 5477)
Completed 200 OK in 11ms (Views: 6.9ms | ActiveRecord: 0.0ms | Allocations: 8065)


Started GET "/" for ::1 at 2021-09-02 22:38:32 -0700
Processing by ArticlesController#index as HTML
  Rendering layout layouts/application.html.erb
  Rendering articles/index.html.erb within layouts/application
  Rendered articles/index.html.erb within layouts/application (Duration: 0.0ms | Allocations: 34)
[Webpacker] Everything's up-to-date. Nothing to do
  Rendered layout layouts/application.html.erb (Duration: 2.3ms | Allocations: 2946)
Completed 200 OK in 3ms (Views: 2.6ms | ActiveRecord: 0.0ms | Allocations: 3326)


Started GET "/articles" for ::1 at 2021-09-02 22:38:37 -0700
Processing by ArticlesController#index as HTML
  Rendering layout layouts/application.html.erb
  Rendering articles/index.html.erb within layouts/application
  Rendered articles/index.html.erb within layouts/application (Duration: 0.0ms | Allocations: 34)
[Webpacker] Everything's up-to-date. Nothing to do
  Rendered layout layouts/application.html.erb (Duration: 2.4ms | Allocations: 2944)
Completed 200 OK in 3ms (Views: 2.8ms | ActiveRecord: 0.0ms | Allocations: 3318)


Started GET "/articles/hello" for ::1 at 2021-09-02 22:38:39 -0700
Processing by ArticlesController#hello as HTML
  Rendering layout layouts/application.html.erb
  Rendering articles/hello.html.erb within layouts/application
  Rendered articles/hello.html.erb within layouts/application (Duration: 0.2ms | Allocations: 105)
[Webpacker] Everything's up-to-date. Nothing to do
  Rendered layout layouts/application.html.erb (Duration: 2.3ms | Allocations: 3021)
Completed 200 OK in 3ms (Views: 2.6ms | ActiveRecord: 0.0ms | Allocations: 3529)


Started GET "/" for ::1 at 2021-09-04 14:36:28 -0700
  [1m[35m (0.2ms)[0m  [1m[34mSELECT sqlite_version(*)[0m
Processing by ArticlesController#index as HTML
  Rendering layout layouts/application.html.erb
  Rendering articles/index.html.erb within layouts/application
  Rendered articles/index.html.erb within layouts/application (Duration: 0.4ms | Allocations: 215)
[Webpacker] Everything's up-to-date. Nothing to do
  Rendered layout layouts/application.html.erb (Duration: 5.8ms | Allocations: 5519)
Completed 200 OK in 12ms (Views: 7.4ms | ActiveRecord: 0.0ms | Allocations: 8050)


Started GET "/" for ::1 at 2021-09-04 14:36:28 -0700
Processing by ArticlesController#index as HTML
  Rendering layout layouts/application.html.erb
  Rendering articles/index.html.erb within layouts/application
  Rendered articles/index.html.erb within layouts/application (Duration: 0.1ms | Allocations: 34)
[Webpacker] Everything's up-to-date. Nothing to do
  Rendered layout layouts/application.html.erb (Duration: 2.6ms | Allocations: 2947)
Completed 200 OK in 3ms (Views: 3.0ms | ActiveRecord: 0.0ms | Allocations: 3331)


Started GET "/articles" for ::1 at 2021-09-04 14:36:31 -0700
Processing by ArticlesController#index as HTML
  Rendering layout layouts/application.html.erb
  Rendering articles/index.html.erb within layouts/application
  Rendered articles/index.html.erb within layouts/application (Duration: 0.1ms | Allocations: 34)
[Webpacker] Everything's up-to-date. Nothing to do
  Rendered layout layouts/application.html.erb (Duration: 2.4ms | Allocations: 2947)
Completed 200 OK in 3ms (Views: 2.8ms | ActiveRecord: 0.0ms | Allocations: 3327)


Started GET "/articles/hello" for ::1 at 2021-09-04 14:36:34 -0700
Processing by ArticlesController#hello as HTML
  Rendering layout layouts/application.html.erb
  Rendering articles/hello.html.erb within layouts/application
  Rendered articles/hello.html.erb within layouts/application (Duration: 0.2ms | Allocations: 105)
[Webpacker] Everything's up-to-date. Nothing to do
  Rendered layout layouts/application.html.erb (Duration: 2.4ms | Allocations: 3019)
Completed 200 OK in 3ms (Views: 2.7ms | ActiveRecord: 0.0ms | Allocations: 3519)


  [1m[35m (0.2ms)[0m  [1m[34mSELECT sqlite_version(*)[0m
  [1m[35m (8.5ms)[0m  [1m[35mCREATE TABLE "schema_migrations" ("version" varchar NOT NULL PRIMARY KEY)[0m
  [1m[35m (4.8ms)[0m  [1m[35mCREATE TABLE "ar_internal_metadata" ("key" varchar NOT NULL PRIMARY KEY, "value" varchar, "created_at" datetime(6) NOT NULL, "updated_at" datetime(6) NOT NULL)[0m
  [1m[35m (0.1ms)[0m  [1m[34mSELECT "schema_migrations"."version" FROM "schema_migrations" ORDER BY "schema_migrations"."version" ASC[0m
Migrating to CreateArticles (20210904220338)
  [1m[36mTRANSACTION (0.0ms)[0m  [1m[36mbegin transaction[0m
  [1m[35m (0.2ms)[0m  [1m[35mCREATE TABLE "articles" ("id" integer PRIMARY KEY AUTOINCREMENT NOT NULL, "title" varchar, "body" text, "created_at" datetime(6) NOT NULL, "updated_at" datetime(6) NOT NULL)[0m
  [1m[36mActiveRecord::SchemaMigration Create (0.1ms)[0m  [1m[32mINSERT INTO "schema_migrations" ("version") VALUES (?)[0m  [["version", "20210904220338"]]
  [1m[36mTRANSACTION (5.2ms)[0m  [1m[36mcommit transaction[0m
  [1m[36mActiveRecord::InternalMetadata Load (0.1ms)[0m  [1m[34mSELECT "ar_internal_metadata".* FROM "ar_internal_metadata" WHERE "ar_internal_metadata"."key" = ? LIMIT ?[0m  [["key", "environment"], ["LIMIT", 1]]
  [1m[36mTRANSACTION (0.0ms)[0m  [1m[36mbegin transaction[0m
  [1m[36mActiveRecord::InternalMetadata Create (0.2ms)[0m  [1m[32mINSERT INTO "ar_internal_metadata" ("key", "value", "created_at", "updated_at") VALUES (?, ?, ?, ?)[0m  [["key", "environment"], ["value", "development"], ["created_at", "2021-09-04 22:14:27.531638"], ["updated_at", "2021-09-04 22:14:27.531638"]]
  [1m[36mTRANSACTION (3.9ms)[0m  [1m[36mcommit transaction[0m
  [1m[35m (0.0ms)[0m  [1m[34mSELECT sqlite_version(*)[0m
  [1m[35m (0.1ms)[0m  [1m[34mSELECT "schema_migrations"."version" FROM "schema_migrations" ORDER BY "schema_migrations"."version" ASC[0m
  [1m[35m (0.4ms)[0m  [1m[34mSELECT sqlite_version(*)[0m
  [1m[36mTRANSACTION (0.1ms)[0m  [1m[36mbegin transaction[0m
  [1m[36mArticle Create (0.2ms)[0m  [1m[32mINSERT INTO "articles" ("title", "body", "created_at", "updated_at") VALUES (?, ?, ?, ?)[0m  [["title", "Hello Rails"], ["body", "I am on Rails!"], ["created_at", "2021-09-04 22:17:54.447319"], ["updated_at", "2021-09-04 22:17:54.447319"]]
  [1m[36mTRANSACTION (3.3ms)[0m  [1m[36mcommit transaction[0m
  [1m[36mArticle Load (0.1ms)[0m  [1m[34mSELECT "articles".* FROM "articles" WHERE "articles"."id" = ? LIMIT ?[0m  [["id", 1], ["LIMIT", 1]]
  [1m[36mArticle Load (0.1ms)[0m  [1m[34mSELECT "articles".* FROM "articles" /* loading for inspect */ LIMIT ?[0m  [["LIMIT", 11]]
Started GET "/" for ::1 at 2021-09-04 15:29:21 -0700
  [1m[35m (0.3ms)[0m  [1m[34mSELECT sqlite_version(*)[0m
  [1m[35m (0.1ms)[0m  [1m[34mSELECT "schema_migrations"."version" FROM "schema_migrations" ORDER BY "schema_migrations"."version" ASC[0m
Processing by ArticlesController#index as HTML
  Rendering layout layouts/application.html.erb
  Rendering articles/index.html.erb within layouts/application
  [1m[36mArticle Load (0.1ms)[0m  [1m[34mSELECT "articles".* FROM "articles"[0m
  ↳ app/views/articles/index.html.erb:4
  Rendered articles/index.html.erb within layouts/application (Duration: 4.1ms | Allocations: 3959)
[Webpacker] Everything's up-to-date. Nothing to do
  Rendered layout layouts/application.html.erb (Duration: 9.1ms | Allocations: 9273)
Completed 200 OK in 15ms (Views: 10.1ms | ActiveRecord: 0.4ms | Allocations: 12125)


Started GET "/" for ::1 at 2021-09-04 15:29:21 -0700
Processing by ArticlesController#index as HTML
  Rendering layout layouts/application.html.erb
  Rendering articles/index.html.erb within layouts/application
  [1m[36mArticle Load (0.1ms)[0m  [1m[34mSELECT "articles".* FROM "articles"[0m
  ↳ app/views/articles/index.html.erb:4
  Rendered articles/index.html.erb within layouts/application (Duration: 1.4ms | Allocations: 672)
[Webpacker] Everything's up-to-date. Nothing to do
  Rendered layout layouts/application.html.erb (Duration: 3.7ms | Allocations: 3583)
Completed 200 OK in 5ms (Views: 4.1ms | ActiveRecord: 0.1ms | Allocations: 3971)


Started GET "/" for ::1 at 2021-09-04 18:05:47 -0700
  [1m[35m (0.2ms)[0m  [1m[34mSELECT sqlite_version(*)[0m
  [1m[35m (0.1ms)[0m  [1m[34mSELECT "schema_migrations"."version" FROM "schema_migrations" ORDER BY "schema_migrations"."version" ASC[0m
Processing by ArticlesController#index as HTML
  Rendering layout layouts/application.html.erb
  Rendering articles/index.html.erb within layouts/application
  [1m[36mArticle Load (0.1ms)[0m  [1m[34mSELECT "articles".* FROM "articles"[0m
  ↳ app/views/articles/index.html.erb:4
  Rendered articles/index.html.erb within layouts/application (Duration: 4.8ms | Allocations: 3959)
[Webpacker] Everything's up-to-date. Nothing to do
  Rendered layout layouts/application.html.erb (Duration: 10.4ms | Allocations: 8941)
Completed 200 OK in 17ms (Views: 11.3ms | ActiveRecord: 0.4ms | Allocations: 11736)


Started GET "/" for ::1 at 2021-09-04 18:05:48 -0700
Processing by ArticlesController#index as HTML
  Rendering layout layouts/application.html.erb
  Rendering articles/index.html.erb within layouts/application
  [1m[36mArticle Load (0.1ms)[0m  [1m[34mSELECT "articles".* FROM "articles"[0m
  ↳ app/views/articles/index.html.erb:4
  Rendered articles/index.html.erb within layouts/application (Duration: 1.6ms | Allocations: 680)
[Webpacker] Everything's up-to-date. Nothing to do
  Rendered layout layouts/application.html.erb (Duration: 4.4ms | Allocations: 3593)
Completed 200 OK in 5ms (Views: 4.7ms | ActiveRecord: 0.1ms | Allocations: 3996)


Started GET "/articles" for ::1 at 2021-09-04 18:05:49 -0700
Processing by ArticlesController#index as HTML
  Rendering layout layouts/application.html.erb
  Rendering articles/index.html.erb within layouts/application
  [1m[36mArticle Load (0.1ms)[0m  [1m[34mSELECT "articles".* FROM "articles"[0m
  ↳ app/views/articles/index.html.erb:4
  Rendered articles/index.html.erb within layouts/application (Duration: 1.1ms | Allocations: 672)
[Webpacker] Everything's up-to-date. Nothing to do
  Rendered layout layouts/application.html.erb (Duration: 3.4ms | Allocations: 3583)
Completed 200 OK in 4ms (Views: 3.6ms | ActiveRecord: 0.1ms | Allocations: 3970)


Started GET "/articles" for ::1 at 2021-09-04 18:05:50 -0700
Processing by ArticlesController#index as HTML
  Rendering layout layouts/application.html.erb
  Rendering articles/index.html.erb within layouts/application
  [1m[36mArticle Load (0.1ms)[0m  [1m[34mSELECT "articles".* FROM "articles"[0m
  ↳ app/views/articles/index.html.erb:4
  Rendered articles/index.html.erb within layouts/application (Duration: 1.1ms | Allocations: 680)
[Webpacker] Everything's up-to-date. Nothing to do
  Rendered layout layouts/application.html.erb (Duration: 3.3ms | Allocations: 3593)
Completed 200 OK in 4ms (Views: 3.6ms | ActiveRecord: 0.1ms | Allocations: 3991)


Started GET "/articles/1" for ::1 at 2021-09-04 18:05:52 -0700
Processing by ArticlesController#showOneArticle as HTML
  Parameters: {"id"=>"1"}
  [1m[36mArticle Load (0.1ms)[0m  [1m[34mSELECT "articles".* FROM "articles" WHERE "articles"."id" = ? LIMIT ?[0m  [["id", 1], ["LIMIT", 1]]
  ↳ app/controllers/articles_controller.rb:9:in `showOneArticle'
  Rendering layout layouts/application.html.erb
  Rendering articles/showOneArticle.html.erb within layouts/application
  Rendered articles/showOneArticle.html.erb within layouts/application (Duration: 0.3ms | Allocations: 122)
[Webpacker] Everything's up-to-date. Nothing to do
  Rendered layout layouts/application.html.erb (Duration: 3.2ms | Allocations: 3036)
Completed 200 OK in 6ms (Views: 3.7ms | ActiveRecord: 0.1ms | Allocations: 4473)


Started GET "/articles/1" for ::1 at 2021-09-04 18:06:01 -0700
Processing by ArticlesController#showOneArticle as HTML
  Parameters: {"id"=>"1"}
  [1m[36mArticle Load (0.1ms)[0m  [1m[34mSELECT "articles".* FROM "articles" WHERE "articles"."id" = ? LIMIT ?[0m  [["id", 1], ["LIMIT", 1]]
  ↳ app/controllers/articles_controller.rb:9:in `showOneArticle'
  Rendering layout layouts/application.html.erb
  Rendering articles/showOneArticle.html.erb within layouts/application
  Rendered articles/showOneArticle.html.erb within layouts/application (Duration: 0.2ms | Allocations: 136)
[Webpacker] Everything's up-to-date. Nothing to do
  Rendered layout layouts/application.html.erb (Duration: 2.7ms | Allocations: 3223)
Completed 200 OK in 5ms (Views: 3.6ms | ActiveRecord: 0.1ms | Allocations: 4859)


Started GET "/articles/2" for ::1 at 2021-09-04 18:06:07 -0700
Processing by ArticlesController#showOneArticle as HTML
  Parameters: {"id"=>"2"}
  [1m[36mArticle Load (0.1ms)[0m  [1m[34mSELECT "articles".* FROM "articles" WHERE "articles"."id" = ? LIMIT ?[0m  [["id", 2], ["LIMIT", 1]]
  ↳ app/controllers/articles_controller.rb:9:in `showOneArticle'
Completed 404 Not Found in 2ms (ActiveRecord: 0.1ms | Allocations: 1075)


  
ActiveRecord::RecordNotFound (Couldn't find Article with 'id'=2):
  
app/controllers/articles_controller.rb:9:in `showOneArticle'
Started GET "/articles/1" for ::1 at 2021-09-04 18:06:10 -0700
Processing by ArticlesController#showOneArticle as HTML
  Parameters: {"id"=>"1"}
  [1m[36mArticle Load (0.1ms)[0m  [1m[34mSELECT "articles".* FROM "articles" WHERE "articles"."id" = ? LIMIT ?[0m  [["id", 1], ["LIMIT", 1]]
  ↳ app/controllers/articles_controller.rb:9:in `showOneArticle'
  Rendering layout layouts/application.html.erb
  Rendering articles/showOneArticle.html.erb within layouts/application
  Rendered articles/showOneArticle.html.erb within layouts/application (Duration: 0.1ms | Allocations: 41)
[Webpacker] Everything's up-to-date. Nothing to do
  Rendered layout layouts/application.html.erb (Duration: 3.3ms | Allocations: 3098)
Completed 200 OK in 5ms (Views: 3.8ms | ActiveRecord: 0.1ms | Allocations: 4153)


  [1m[35m (0.3ms)[0m  [1m[34mSELECT sqlite_version(*)[0m
  [1m[36mTRANSACTION (0.1ms)[0m  [1m[36mbegin transaction[0m
  [1m[36mArticle Create (0.2ms)[0m  [1m[32mINSERT INTO "articles" ("title", "body", "created_at", "updated_at") VALUES (?, ?, ?, ?)[0m  [["title", "Street Views"], ["body", "The dopest brand on the net!"], ["created_at", "2021-09-05 01:07:15.579511"], ["updated_at", "2021-09-05 01:07:15.579511"]]
  [1m[36mTRANSACTION (3.3ms)[0m  [1m[36mcommit transaction[0m
Started GET "/articles/1" for ::1 at 2021-09-04 18:07:33 -0700
  [1m[35m (0.2ms)[0m  [1m[34mSELECT sqlite_version(*)[0m
  [1m[35m (0.1ms)[0m  [1m[34mSELECT "schema_migrations"."version" FROM "schema_migrations" ORDER BY "schema_migrations"."version" ASC[0m
Processing by ArticlesController#showOneArticle as HTML
  Parameters: {"id"=>"1"}
  [1m[36mArticle Load (0.1ms)[0m  [1m[34mSELECT "articles".* FROM "articles" WHERE "articles"."id" = ? LIMIT ?[0m  [["id", 1], ["LIMIT", 1]]
  ↳ app/controllers/articles_controller.rb:9:in `showOneArticle'
  Rendering layout layouts/application.html.erb
  Rendering articles/showOneArticle.html.erb within layouts/application
  Rendered articles/showOneArticle.html.erb within layouts/application (Duration: 0.4ms | Allocations: 253)
[Webpacker] Everything's up-to-date. Nothing to do
  Rendered layout layouts/application.html.erb (Duration: 4.5ms | Allocations: 5220)
Completed 200 OK in 16ms (Views: 5.7ms | ActiveRecord: 0.4ms | Allocations: 12008)


Started GET "/articles/2" for ::1 at 2021-09-04 18:07:35 -0700
Processing by ArticlesController#showOneArticle as HTML
  Parameters: {"id"=>"2"}
  [1m[36mArticle Load (0.1ms)[0m  [1m[34mSELECT "articles".* FROM "articles" WHERE "articles"."id" = ? LIMIT ?[0m  [["id", 2], ["LIMIT", 1]]
  ↳ app/controllers/articles_controller.rb:9:in `showOneArticle'
  Rendering layout layouts/application.html.erb
  Rendering articles/showOneArticle.html.erb within layouts/application
  Rendered articles/showOneArticle.html.erb within layouts/application (Duration: 0.1ms | Allocations: 39)
[Webpacker] Everything's up-to-date. Nothing to do
  Rendered layout layouts/application.html.erb (Duration: 2.3ms | Allocations: 2952)
Completed 200 OK in 4ms (Views: 2.6ms | ActiveRecord: 0.1ms | Allocations: 3880)


Started GET "/" for ::1 at 2021-09-04 18:18:14 -0700
  [1m[35m (0.2ms)[0m  [1m[34mSELECT sqlite_version(*)[0m
  [1m[35m (0.1ms)[0m  [1m[34mSELECT "schema_migrations"."version" FROM "schema_migrations" ORDER BY "schema_migrations"."version" ASC[0m
Processing by ArticlesController#index as HTML
  Rendering layout layouts/application.html.erb
  Rendering articles/index.html.erb within layouts/application
  [1m[36mArticle Load (0.2ms)[0m  [1m[34mSELECT "articles".* FROM "articles"[0m
  ↳ app/views/articles/index.html.erb:4
  Rendered articles/index.html.erb within layouts/application (Duration: 5.4ms | Allocations: 3994)
[Webpacker] Everything's up-to-date. Nothing to do
  Rendered layout layouts/application.html.erb (Duration: 11.2ms | Allocations: 8961)
Completed 200 OK in 17ms (Views: 12.1ms | ActiveRecord: 0.6ms | Allocations: 11813)


Started GET "/" for ::1 at 2021-09-04 18:18:14 -0700
Processing by ArticlesController#index as HTML
  Rendering layout layouts/application.html.erb
  Rendering articles/index.html.erb within layouts/application
  [1m[36mArticle Load (0.1ms)[0m  [1m[34mSELECT "articles".* FROM "articles"[0m
  ↳ app/views/articles/index.html.erb:4
  Rendered articles/index.html.erb within layouts/application (Duration: 1.2ms | Allocations: 697)
[Webpacker] Everything's up-to-date. Nothing to do
  Rendered layout layouts/application.html.erb (Duration: 4.6ms | Allocations: 3610)
Completed 200 OK in 6ms (Views: 5.0ms | ActiveRecord: 0.1ms | Allocations: 4009)


Started GET "/articles/2" for ::1 at 2021-09-04 18:18:15 -0700
Processing by ArticlesController#showOneArticle as HTML
  Parameters: {"id"=>"2"}
  [1m[36mArticle Load (0.1ms)[0m  [1m[34mSELECT "articles".* FROM "articles" WHERE "articles"."id" = ? LIMIT ?[0m  [["id", 2], ["LIMIT", 1]]
  ↳ app/controllers/articles_controller.rb:9:in `showOneArticle'
  Rendering layout layouts/application.html.erb
  Rendering articles/showOneArticle.html.erb within layouts/application
  Rendered articles/showOneArticle.html.erb within layouts/application (Duration: 0.5ms | Allocations: 215)
[Webpacker] Everything's up-to-date. Nothing to do
  Rendered layout layouts/application.html.erb (Duration: 3.8ms | Allocations: 3144)
Completed 200 OK in 8ms (Views: 4.4ms | ActiveRecord: 0.1ms | Allocations: 5088)


Started GET "/articles/1" for ::1 at 2021-09-04 18:18:17 -0700
Processing by ArticlesController#showOneArticle as HTML
  Parameters: {"id"=>"1"}
  [1m[36mArticle Load (0.1ms)[0m  [1m[34mSELECT "articles".* FROM "articles" WHERE "articles"."id" = ? LIMIT ?[0m  [["id", 1], ["LIMIT", 1]]
  ↳ app/controllers/articles_controller.rb:9:in `showOneArticle'
  Rendering layout layouts/application.html.erb
  Rendering articles/showOneArticle.html.erb within layouts/application
  Rendered articles/showOneArticle.html.erb within layouts/application (Duration: 0.2ms | Allocations: 58)
[Webpacker] Everything's up-to-date. Nothing to do
  Rendered layout layouts/application.html.erb (Duration: 4.8ms | Allocations: 3500)
Completed 200 OK in 7ms (Views: 5.4ms | ActiveRecord: 0.1ms | Allocations: 4460)


Started GET "/articles/2" for ::1 at 2021-09-04 18:21:04 -0700
Processing by ArticlesController#showOneArticle as HTML
  Parameters: {"id"=>"2"}
  [1m[36mArticle Load (0.1ms)[0m  [1m[34mSELECT "articles".* FROM "articles" WHERE "articles"."id" = ? LIMIT ?[0m  [["id", 2], ["LIMIT", 1]]
  ↳ app/controllers/articles_controller.rb:9:in `showOneArticle'
  Rendering layout layouts/application.html.erb
  Rendering articles/showOneArticle.html.erb within layouts/application
  Rendered articles/showOneArticle.html.erb within layouts/application (Duration: 0.1ms | Allocations: 39)
[Webpacker] Everything's up-to-date. Nothing to do
  Rendered layout layouts/application.html.erb (Duration: 5.6ms | Allocations: 3555)
Completed 200 OK in 8ms (Views: 6.0ms | ActiveRecord: 0.1ms | Allocations: 4467)


Started GET "/" for ::1 at 2021-09-04 18:34:40 -0700
  [1m[35m (0.2ms)[0m  [1m[34mSELECT sqlite_version(*)[0m
  [1m[35m (0.1ms)[0m  [1m[34mSELECT "schema_migrations"."version" FROM "schema_migrations" ORDER BY "schema_migrations"."version" ASC[0m
Processing by ArticlesController#index as HTML
  Rendering layout layouts/application.html.erb
  Rendering articles/index.html.erb within layouts/application
  [1m[36mArticle Load (0.1ms)[0m  [1m[34mSELECT "articles".* FROM "articles"[0m
  ↳ app/views/articles/index.html.erb:4
  Rendered articles/index.html.erb within layouts/application (Duration: 4.2ms | Allocations: 4045)
[Webpacker] Everything's up-to-date. Nothing to do
  Rendered layout layouts/application.html.erb (Duration: 8.5ms | Allocations: 9010)
Completed 200 OK in 14ms (Views: 9.4ms | ActiveRecord: 0.4ms | Allocations: 11862)


Started GET "/articles//articles/2" for ::1 at 2021-09-04 18:34:42 -0700
  
ActionController::RoutingError (No route matches [GET] "/articles/articles/2"):
  
Started GET "/" for ::1 at 2021-09-04 18:34:44 -0700
Processing by ArticlesController#index as HTML
  Rendering layout layouts/application.html.erb
  Rendering articles/index.html.erb within layouts/application
  [1m[36mArticle Load (0.1ms)[0m  [1m[34mSELECT "articles".* FROM "articles"[0m
  ↳ app/views/articles/index.html.erb:4
  Rendered articles/index.html.erb within layouts/application (Duration: 2.7ms | Allocations: 847)
[Webpacker] Everything's up-to-date. Nothing to do
  Rendered layout layouts/application.html.erb (Duration: 6.9ms | Allocations: 4038)
Completed 200 OK in 9ms (Views: 8.0ms | ActiveRecord: 0.1ms | Allocations: 4954)


Started GET "/articles//articles/2" for ::1 at 2021-09-04 18:34:45 -0700
  
ActionController::RoutingError (No route matches [GET] "/articles/articles/2"):
  
Started GET "/" for ::1 at 2021-09-04 18:34:48 -0700
Processing by ArticlesController#index as HTML
  Rendering layout layouts/application.html.erb
  Rendering articles/index.html.erb within layouts/application
  [1m[36mArticle Load (0.1ms)[0m  [1m[34mSELECT "articles".* FROM "articles"[0m
  ↳ app/views/articles/index.html.erb:4
  Rendered articles/index.html.erb within layouts/application (Duration: 1.6ms | Allocations: 744)
[Webpacker] Everything's up-to-date. Nothing to do
  Rendered layout layouts/application.html.erb (Duration: 5.0ms | Allocations: 3762)
Completed 200 OK in 6ms (Views: 5.5ms | ActiveRecord: 0.1ms | Allocations: 4187)


Started GET "/articles//articles/2" for ::1 at 2021-09-04 18:34:54 -0700
  
ActionController::RoutingError (No route matches [GET] "/articles/articles/2"):
  
Started GET "/" for ::1 at 2021-09-04 18:34:55 -0700
Processing by ArticlesController#index as HTML
  Rendering layout layouts/application.html.erb
  Rendering articles/index.html.erb within layouts/application
  [1m[36mArticle Load (0.1ms)[0m  [1m[34mSELECT "articles".* FROM "articles"[0m
  ↳ app/views/articles/index.html.erb:4
  Rendered articles/index.html.erb within layouts/application (Duration: 2.3ms | Allocations: 971)
[Webpacker] Everything's up-to-date. Nothing to do
  Rendered layout layouts/application.html.erb (Duration: 6.2ms | Allocations: 4082)
Completed 200 OK in 10ms (Views: 7.8ms | ActiveRecord: 0.1ms | Allocations: 5692)


Started GET "/articles/2" for ::1 at 2021-09-04 18:34:57 -0700
  
AbstractController::ActionNotFound (The action 'show' could not be found for ArticlesController
Did you mean?  showOneArticle
               hello
               index):
  
actionpack (6.1.4.1) lib/abstract_controller/base.rb:160:in `process'
actionview (6.1.4.1) lib/action_view/rendering.rb:39:in `process'
actionpack (6.1.4.1) lib/action_controller/metal.rb:190:in `dispatch'
actionpack (6.1.4.1) lib/action_controller/metal.rb:254:in `dispatch'
actionpack (6.1.4.1) lib/action_dispatch/routing/route_set.rb:50:in `dispatch'
actionpack (6.1.4.1) lib/action_dispatch/routing/route_set.rb:33:in `serve'
actionpack (6.1.4.1) lib/action_dispatch/journey/router.rb:50:in `block in serve'
actionpack (6.1.4.1) lib/action_dispatch/journey/router.rb:32:in `each'
actionpack (6.1.4.1) lib/action_dispatch/journey/router.rb:32:in `serve'
actionpack (6.1.4.1) lib/action_dispatch/routing/route_set.rb:842:in `call'
rack (2.2.3) lib/rack/tempfile_reaper.rb:15:in `call'
rack (2.2.3) lib/rack/etag.rb:27:in `call'
rack (2.2.3) lib/rack/conditional_get.rb:27:in `call'
rack (2.2.3) lib/rack/head.rb:12:in `call'
actionpack (6.1.4.1) lib/action_dispatch/http/permissions_policy.rb:22:in `call'
actionpack (6.1.4.1) lib/action_dispatch/http/content_security_policy.rb:18:in `call'
rack (2.2.3) lib/rack/session/abstract/id.rb:266:in `context'
rack (2.2.3) lib/rack/session/abstract/id.rb:260:in `call'
actionpack (6.1.4.1) lib/action_dispatch/middleware/cookies.rb:689:in `call'
activerecord (6.1.4.1) lib/active_record/migration.rb:601:in `call'
actionpack (6.1.4.1) lib/action_dispatch/middleware/callbacks.rb:27:in `block in call'
activesupport (6.1.4.1) lib/active_support/callbacks.rb:98:in `run_callbacks'
actionpack (6.1.4.1) lib/action_dispatch/middleware/callbacks.rb:26:in `call'
actionpack (6.1.4.1) lib/action_dispatch/middleware/executor.rb:14:in `call'
actionpack (6.1.4.1) lib/action_dispatch/middleware/actionable_exceptions.rb:18:in `call'
actionpack (6.1.4.1) lib/action_dispatch/middleware/debug_exceptions.rb:29:in `call'
web-console (4.1.0) lib/web_console/middleware.rb:132:in `call_app'
web-console (4.1.0) lib/web_console/middleware.rb:28:in `block in call'
web-console (4.1.0) lib/web_console/middleware.rb:17:in `catch'
web-console (4.1.0) lib/web_console/middleware.rb:17:in `call'
actionpack (6.1.4.1) lib/action_dispatch/middleware/show_exceptions.rb:33:in `call'
railties (6.1.4.1) lib/rails/rack/logger.rb:37:in `call_app'
railties (6.1.4.1) lib/rails/rack/logger.rb:26:in `block in call'
activesupport (6.1.4.1) lib/active_support/tagged_logging.rb:99:in `block in tagged'
activesupport (6.1.4.1) lib/active_support/tagged_logging.rb:37:in `tagged'
activesupport (6.1.4.1) lib/active_support/tagged_logging.rb:99:in `tagged'
railties (6.1.4.1) lib/rails/rack/logger.rb:26:in `call'
sprockets-rails (3.2.2) lib/sprockets/rails/quiet_assets.rb:13:in `call'
actionpack (6.1.4.1) lib/action_dispatch/middleware/remote_ip.rb:81:in `call'
actionpack (6.1.4.1) lib/action_dispatch/middleware/request_id.rb:26:in `call'
rack (2.2.3) lib/rack/method_override.rb:24:in `call'
rack (2.2.3) lib/rack/runtime.rb:22:in `call'
activesupport (6.1.4.1) lib/active_support/cache/strategy/local_cache_middleware.rb:29:in `call'
actionpack (6.1.4.1) lib/action_dispatch/middleware/executor.rb:14:in `call'
actionpack (6.1.4.1) lib/action_dispatch/middleware/static.rb:24:in `call'
rack (2.2.3) lib/rack/sendfile.rb:110:in `call'
actionpack (6.1.4.1) lib/action_dispatch/middleware/host_authorization.rb:98:in `call'
rack-mini-profiler (2.3.3) lib/mini_profiler/profiler.rb:393:in `call'
webpacker (5.4.2) lib/webpacker/dev_server_proxy.rb:25:in `perform_request'
rack-proxy (0.7.0) lib/rack/proxy.rb:63:in `call'
railties (6.1.4.1) lib/rails/engine.rb:539:in `call'
puma (5.4.0) lib/puma/configuration.rb:249:in `call'
puma (5.4.0) lib/puma/request.rb:77:in `block in handle_request'
puma (5.4.0) lib/puma/thread_pool.rb:340:in `with_force_shutdown'
puma (5.4.0) lib/puma/request.rb:76:in `handle_request'
puma (5.4.0) lib/puma/server.rb:440:in `process_client'
puma (5.4.0) lib/puma/thread_pool.rb:147:in `block in spawn_thread'
Started GET "/" for ::1 at 2021-09-04 18:35:05 -0700
Processing by ArticlesController#index as HTML
  Rendering layout layouts/application.html.erb
  Rendering articles/index.html.erb within layouts/application
  [1m[36mArticle Load (0.1ms)[0m  [1m[34mSELECT "articles".* FROM "articles"[0m
  ↳ app/views/articles/index.html.erb:4
  Rendered articles/index.html.erb within layouts/application (Duration: 1.7ms | Allocations: 756)
[Webpacker] Everything's up-to-date. Nothing to do
  Rendered layout layouts/application.html.erb (Duration: 7.0ms | Allocations: 4201)
Completed 200 OK in 8ms (Views: 7.7ms | ActiveRecord: 0.1ms | Allocations: 4629)


Started GET "/articles/1" for ::1 at 2021-09-04 18:35:10 -0700
  
AbstractController::ActionNotFound (The action 'show' could not be found for ArticlesController
Did you mean?  showOneArticle
               hello
               index):
  
actionpack (6.1.4.1) lib/abstract_controller/base.rb:160:in `process'
actionview (6.1.4.1) lib/action_view/rendering.rb:39:in `process'
actionpack (6.1.4.1) lib/action_controller/metal.rb:190:in `dispatch'
actionpack (6.1.4.1) lib/action_controller/metal.rb:254:in `dispatch'
actionpack (6.1.4.1) lib/action_dispatch/routing/route_set.rb:50:in `dispatch'
actionpack (6.1.4.1) lib/action_dispatch/routing/route_set.rb:33:in `serve'
actionpack (6.1.4.1) lib/action_dispatch/journey/router.rb:50:in `block in serve'
actionpack (6.1.4.1) lib/action_dispatch/journey/router.rb:32:in `each'
actionpack (6.1.4.1) lib/action_dispatch/journey/router.rb:32:in `serve'
actionpack (6.1.4.1) lib/action_dispatch/routing/route_set.rb:842:in `call'
rack (2.2.3) lib/rack/tempfile_reaper.rb:15:in `call'
rack (2.2.3) lib/rack/etag.rb:27:in `call'
rack (2.2.3) lib/rack/conditional_get.rb:27:in `call'
rack (2.2.3) lib/rack/head.rb:12:in `call'
actionpack (6.1.4.1) lib/action_dispatch/http/permissions_policy.rb:22:in `call'
actionpack (6.1.4.1) lib/action_dispatch/http/content_security_policy.rb:18:in `call'
rack (2.2.3) lib/rack/session/abstract/id.rb:266:in `context'
rack (2.2.3) lib/rack/session/abstract/id.rb:260:in `call'
actionpack (6.1.4.1) lib/action_dispatch/middleware/cookies.rb:689:in `call'
activerecord (6.1.4.1) lib/active_record/migration.rb:601:in `call'
actionpack (6.1.4.1) lib/action_dispatch/middleware/callbacks.rb:27:in `block in call'
activesupport (6.1.4.1) lib/active_support/callbacks.rb:98:in `run_callbacks'
actionpack (6.1.4.1) lib/action_dispatch/middleware/callbacks.rb:26:in `call'
actionpack (6.1.4.1) lib/action_dispatch/middleware/executor.rb:14:in `call'
actionpack (6.1.4.1) lib/action_dispatch/middleware/actionable_exceptions.rb:18:in `call'
actionpack (6.1.4.1) lib/action_dispatch/middleware/debug_exceptions.rb:29:in `call'
web-console (4.1.0) lib/web_console/middleware.rb:132:in `call_app'
web-console (4.1.0) lib/web_console/middleware.rb:28:in `block in call'
web-console (4.1.0) lib/web_console/middleware.rb:17:in `catch'
web-console (4.1.0) lib/web_console/middleware.rb:17:in `call'
actionpack (6.1.4.1) lib/action_dispatch/middleware/show_exceptions.rb:33:in `call'
railties (6.1.4.1) lib/rails/rack/logger.rb:37:in `call_app'
railties (6.1.4.1) lib/rails/rack/logger.rb:26:in `block in call'
activesupport (6.1.4.1) lib/active_support/tagged_logging.rb:99:in `block in tagged'
activesupport (6.1.4.1) lib/active_support/tagged_logging.rb:37:in `tagged'
activesupport (6.1.4.1) lib/active_support/tagged_logging.rb:99:in `tagged'
railties (6.1.4.1) lib/rails/rack/logger.rb:26:in `call'
sprockets-rails (3.2.2) lib/sprockets/rails/quiet_assets.rb:13:in `call'
actionpack (6.1.4.1) lib/action_dispatch/middleware/remote_ip.rb:81:in `call'
actionpack (6.1.4.1) lib/action_dispatch/middleware/request_id.rb:26:in `call'
rack (2.2.3) lib/rack/method_override.rb:24:in `call'
rack (2.2.3) lib/rack/runtime.rb:22:in `call'
activesupport (6.1.4.1) lib/active_support/cache/strategy/local_cache_middleware.rb:29:in `call'
actionpack (6.1.4.1) lib/action_dispatch/middleware/executor.rb:14:in `call'
actionpack (6.1.4.1) lib/action_dispatch/middleware/static.rb:24:in `call'
rack (2.2.3) lib/rack/sendfile.rb:110:in `call'
actionpack (6.1.4.1) lib/action_dispatch/middleware/host_authorization.rb:98:in `call'
rack-mini-profiler (2.3.3) lib/mini_profiler/profiler.rb:393:in `call'
webpacker (5.4.2) lib/webpacker/dev_server_proxy.rb:25:in `perform_request'
rack-proxy (0.7.0) lib/rack/proxy.rb:63:in `call'
railties (6.1.4.1) lib/rails/engine.rb:539:in `call'
puma (5.4.0) lib/puma/configuration.rb:249:in `call'
puma (5.4.0) lib/puma/request.rb:77:in `block in handle_request'
puma (5.4.0) lib/puma/thread_pool.rb:340:in `with_force_shutdown'
puma (5.4.0) lib/puma/request.rb:76:in `handle_request'
puma (5.4.0) lib/puma/server.rb:440:in `process_client'
puma (5.4.0) lib/puma/thread_pool.rb:147:in `block in spawn_thread'
Started GET "/" for ::1 at 2021-09-04 18:35:12 -0700
Processing by ArticlesController#index as HTML
  Rendering layout layouts/application.html.erb
  Rendering articles/index.html.erb within layouts/application
  [1m[36mArticle Load (0.1ms)[0m  [1m[34mSELECT "articles".* FROM "articles"[0m
  ↳ app/views/articles/index.html.erb:4
  Rendered articles/index.html.erb within layouts/application (Duration: 1.9ms | Allocations: 749)
[Webpacker] Everything's up-to-date. Nothing to do
  Rendered layout layouts/application.html.erb (Duration: 6.2ms | Allocations: 3799)
Completed 200 OK in 8ms (Views: 7.2ms | ActiveRecord: 0.1ms | Allocations: 4626)


Started GET "/" for ::1 at 2021-09-04 18:36:22 -0700
  [1m[35m (0.2ms)[0m  [1m[34mSELECT sqlite_version(*)[0m
  [1m[35m (0.1ms)[0m  [1m[34mSELECT "schema_migrations"."version" FROM "schema_migrations" ORDER BY "schema_migrations"."version" ASC[0m
Processing by ArticlesController#index as HTML
  Rendering layout layouts/application.html.erb
  Rendering articles/index.html.erb within layouts/application
  [1m[36mArticle Load (0.1ms)[0m  [1m[34mSELECT "articles".* FROM "articles"[0m
  ↳ app/views/articles/index.html.erb:4
  Rendered articles/index.html.erb within layouts/application (Duration: 5.4ms | Allocations: 4045)
[Webpacker] Everything's up-to-date. Nothing to do
  Rendered layout layouts/application.html.erb (Duration: 10.2ms | Allocations: 9010)
Completed 200 OK in 16ms (Views: 11.2ms | ActiveRecord: 0.4ms | Allocations: 11862)


Started GET "/articles/2" for ::1 at 2021-09-04 18:36:23 -0700
Processing by ArticlesController#show as HTML
  Parameters: {"id"=>"2"}
  [1m[36mArticle Load (0.1ms)[0m  [1m[34mSELECT "articles".* FROM "articles" WHERE "articles"."id" = ? LIMIT ?[0m  [["id", 2], ["LIMIT", 1]]
  ↳ app/controllers/articles_controller.rb:8:in `show'
Completed 406 Not Acceptable in 5ms (ActiveRecord: 0.1ms | Allocations: 3298)


  
ActionController::MissingExactTemplate (ArticlesController#show is missing a template for request formats: text/html):
  
actionpack (6.1.4.1) lib/action_controller/metal/implicit_render.rb:45:in `default_render'
actionpack (6.1.4.1) lib/action_controller/metal/basic_implicit_render.rb:6:in `block in send_action'
actionpack (6.1.4.1) lib/action_controller/metal/basic_implicit_render.rb:6:in `tap'
actionpack (6.1.4.1) lib/action_controller/metal/basic_implicit_render.rb:6:in `send_action'
actionpack (6.1.4.1) lib/abstract_controller/base.rb:228:in `process_action'
actionpack (6.1.4.1) lib/action_controller/metal/rendering.rb:30:in `process_action'
actionpack (6.1.4.1) lib/abstract_controller/callbacks.rb:42:in `block in process_action'
activesupport (6.1.4.1) lib/active_support/callbacks.rb:117:in `block in run_callbacks'
actiontext (6.1.4.1) lib/action_text/rendering.rb:20:in `with_renderer'
actiontext (6.1.4.1) lib/action_text/engine.rb:59:in `block (4 levels) in <class:Engine>'
activesupport (6.1.4.1) lib/active_support/callbacks.rb:126:in `instance_exec'
activesupport (6.1.4.1) lib/active_support/callbacks.rb:126:in `block in run_callbacks'
activesupport (6.1.4.1) lib/active_support/callbacks.rb:137:in `run_callbacks'
actionpack (6.1.4.1) lib/abstract_controller/callbacks.rb:41:in `process_action'
actionpack (6.1.4.1) lib/action_controller/metal/rescue.rb:22:in `process_action'
actionpack (6.1.4.1) lib/action_controller/metal/instrumentation.rb:34:in `block in process_action'
activesupport (6.1.4.1) lib/active_support/notifications.rb:203:in `block in instrument'
activesupport (6.1.4.1) lib/active_support/notifications/instrumenter.rb:24:in `instrument'
activesupport (6.1.4.1) lib/active_support/notifications.rb:203:in `instrument'
actionpack (6.1.4.1) lib/action_controller/metal/instrumentation.rb:33:in `process_action'
actionpack (6.1.4.1) lib/action_controller/metal/params_wrapper.rb:249:in `process_action'
activerecord (6.1.4.1) lib/active_record/railties/controller_runtime.rb:27:in `process_action'
actionpack (6.1.4.1) lib/abstract_controller/base.rb:165:in `process'
actionview (6.1.4.1) lib/action_view/rendering.rb:39:in `process'
actionpack (6.1.4.1) lib/action_controller/metal.rb:190:in `dispatch'
actionpack (6.1.4.1) lib/action_controller/metal.rb:254:in `dispatch'
actionpack (6.1.4.1) lib/action_dispatch/routing/route_set.rb:50:in `dispatch'
actionpack (6.1.4.1) lib/action_dispatch/routing/route_set.rb:33:in `serve'
actionpack (6.1.4.1) lib/action_dispatch/journey/router.rb:50:in `block in serve'
actionpack (6.1.4.1) lib/action_dispatch/journey/router.rb:32:in `each'
actionpack (6.1.4.1) lib/action_dispatch/journey/router.rb:32:in `serve'
actionpack (6.1.4.1) lib/action_dispatch/routing/route_set.rb:842:in `call'
rack (2.2.3) lib/rack/tempfile_reaper.rb:15:in `call'
rack (2.2.3) lib/rack/etag.rb:27:in `call'
rack (2.2.3) lib/rack/conditional_get.rb:27:in `call'
rack (2.2.3) lib/rack/head.rb:12:in `call'
actionpack (6.1.4.1) lib/action_dispatch/http/permissions_policy.rb:22:in `call'
actionpack (6.1.4.1) lib/action_dispatch/http/content_security_policy.rb:18:in `call'
rack (2.2.3) lib/rack/session/abstract/id.rb:266:in `context'
rack (2.2.3) lib/rack/session/abstract/id.rb:260:in `call'
actionpack (6.1.4.1) lib/action_dispatch/middleware/cookies.rb:689:in `call'
activerecord (6.1.4.1) lib/active_record/migration.rb:601:in `call'
actionpack (6.1.4.1) lib/action_dispatch/middleware/callbacks.rb:27:in `block in call'
activesupport (6.1.4.1) lib/active_support/callbacks.rb:98:in `run_callbacks'
actionpack (6.1.4.1) lib/action_dispatch/middleware/callbacks.rb:26:in `call'
actionpack (6.1.4.1) lib/action_dispatch/middleware/executor.rb:14:in `call'
actionpack (6.1.4.1) lib/action_dispatch/middleware/actionable_exceptions.rb:18:in `call'
actionpack (6.1.4.1) lib/action_dispatch/middleware/debug_exceptions.rb:29:in `call'
web-console (4.1.0) lib/web_console/middleware.rb:132:in `call_app'
web-console (4.1.0) lib/web_console/middleware.rb:28:in `block in call'
web-console (4.1.0) lib/web_console/middleware.rb:17:in `catch'
web-console (4.1.0) lib/web_console/middleware.rb:17:in `call'
actionpack (6.1.4.1) lib/action_dispatch/middleware/show_exceptions.rb:33:in `call'
railties (6.1.4.1) lib/rails/rack/logger.rb:37:in `call_app'
railties (6.1.4.1) lib/rails/rack/logger.rb:26:in `block in call'
activesupport (6.1.4.1) lib/active_support/tagged_logging.rb:99:in `block in tagged'
activesupport (6.1.4.1) lib/active_support/tagged_logging.rb:37:in `tagged'
activesupport (6.1.4.1) lib/active_support/tagged_logging.rb:99:in `tagged'
railties (6.1.4.1) lib/rails/rack/logger.rb:26:in `call'
sprockets-rails (3.2.2) lib/sprockets/rails/quiet_assets.rb:13:in `call'
actionpack (6.1.4.1) lib/action_dispatch/middleware/remote_ip.rb:81:in `call'
actionpack (6.1.4.1) lib/action_dispatch/middleware/request_id.rb:26:in `call'
rack (2.2.3) lib/rack/method_override.rb:24:in `call'
rack (2.2.3) lib/rack/runtime.rb:22:in `call'
activesupport (6.1.4.1) lib/active_support/cache/strategy/local_cache_middleware.rb:29:in `call'
actionpack (6.1.4.1) lib/action_dispatch/middleware/executor.rb:14:in `call'
actionpack (6.1.4.1) lib/action_dispatch/middleware/static.rb:24:in `call'
rack (2.2.3) lib/rack/sendfile.rb:110:in `call'
actionpack (6.1.4.1) lib/action_dispatch/middleware/host_authorization.rb:98:in `call'
rack-mini-profiler (2.3.3) lib/mini_profiler/profiler.rb:393:in `call'
webpacker (5.4.2) lib/webpacker/dev_server_proxy.rb:25:in `perform_request'
rack-proxy (0.7.0) lib/rack/proxy.rb:63:in `call'
railties (6.1.4.1) lib/rails/engine.rb:539:in `call'
puma (5.4.0) lib/puma/configuration.rb:249:in `call'
puma (5.4.0) lib/puma/request.rb:77:in `block in handle_request'
puma (5.4.0) lib/puma/thread_pool.rb:340:in `with_force_shutdown'
puma (5.4.0) lib/puma/request.rb:76:in `handle_request'
puma (5.4.0) lib/puma/server.rb:440:in `process_client'
puma (5.4.0) lib/puma/thread_pool.rb:147:in `block in spawn_thread'
Started GET "/articles/2" for ::1 at 2021-09-04 18:36:33 -0700
Processing by ArticlesController#show as HTML
  Parameters: {"id"=>"2"}
  [1m[36mArticle Load (0.1ms)[0m  [1m[34mSELECT "articles".* FROM "articles" WHERE "articles"."id" = ? LIMIT ?[0m  [["id", 2], ["LIMIT", 1]]
  ↳ app/controllers/articles_controller.rb:8:in `show'
  Rendering layout layouts/application.html.erb
  Rendering articles/show.html.erb within layouts/application
  Rendered articles/show.html.erb within layouts/application (Duration: 0.3ms | Allocations: 141)
[Webpacker] Everything's up-to-date. Nothing to do
  Rendered layout layouts/application.html.erb (Duration: 3.3ms | Allocations: 3373)
Completed 200 OK in 7ms (Views: 4.3ms | ActiveRecord: 0.1ms | Allocations: 5168)


Started GET "/articles/" for ::1 at 2021-09-04 18:36:35 -0700
Processing by ArticlesController#index as HTML
  Rendering layout layouts/application.html.erb
  Rendering articles/index.html.erb within layouts/application
  [1m[36mArticle Load (0.1ms)[0m  [1m[34mSELECT "articles".* FROM "articles"[0m
  ↳ app/views/articles/index.html.erb:4
  Rendered articles/index.html.erb within layouts/application (Duration: 1.8ms | Allocations: 912)
[Webpacker] Everything's up-to-date. Nothing to do
  Rendered layout layouts/application.html.erb (Duration: 4.6ms | Allocations: 3826)
Completed 200 OK in 6ms (Views: 5.0ms | ActiveRecord: 0.1ms | Allocations: 4350)


Started GET "/articles/1" for ::1 at 2021-09-04 18:36:37 -0700
Processing by ArticlesController#show as HTML
  Parameters: {"id"=>"1"}
  [1m[36mArticle Load (0.1ms)[0m  [1m[34mSELECT "articles".* FROM "articles" WHERE "articles"."id" = ? LIMIT ?[0m  [["id", 1], ["LIMIT", 1]]
  ↳ app/controllers/articles_controller.rb:8:in `show'
  Rendering layout layouts/application.html.erb
  Rendering articles/show.html.erb within layouts/application
  Rendered articles/show.html.erb within layouts/application (Duration: 0.1ms | Allocations: 38)
[Webpacker] Everything's up-to-date. Nothing to do
  Rendered layout layouts/application.html.erb (Duration: 5.2ms | Allocations: 3499)
Completed 200 OK in 8ms (Views: 5.8ms | ActiveRecord: 0.1ms | Allocations: 4441)


Started GET "/articles/2" for ::1 at 2021-09-04 18:36:39 -0700
Processing by ArticlesController#show as HTML
  Parameters: {"id"=>"2"}
  [1m[36mArticle Load (0.1ms)[0m  [1m[34mSELECT "articles".* FROM "articles" WHERE "articles"."id" = ? LIMIT ?[0m  [["id", 2], ["LIMIT", 1]]
  ↳ app/controllers/articles_controller.rb:8:in `show'
  Rendering layout layouts/application.html.erb
  Rendering articles/show.html.erb within layouts/application
  Rendered articles/show.html.erb within layouts/application (Duration: 0.2ms | Allocations: 44)
[Webpacker] Everything's up-to-date. Nothing to do
  Rendered layout layouts/application.html.erb (Duration: 4.9ms | Allocations: 3095)
Completed 200 OK in 8ms (Views: 6.1ms | ActiveRecord: 0.1ms | Allocations: 4450)


Started GET "/articles/2" for ::1 at 2021-09-04 18:36:42 -0700
Processing by ArticlesController#show as HTML
  Parameters: {"id"=>"2"}
  [1m[36mArticle Load (0.1ms)[0m  [1m[34mSELECT "articles".* FROM "articles" WHERE "articles"."id" = ? LIMIT ?[0m  [["id", 2], ["LIMIT", 1]]
  ↳ app/controllers/articles_controller.rb:8:in `show'
  Rendering layout layouts/application.html.erb
  Rendering articles/show.html.erb within layouts/application
  Rendered articles/show.html.erb within layouts/application (Duration: 0.1ms | Allocations: 39)
[Webpacker] Everything's up-to-date. Nothing to do
  Rendered layout layouts/application.html.erb (Duration: 3.4ms | Allocations: 2950)
Completed 200 OK in 6ms (Views: 3.8ms | ActiveRecord: 0.1ms | Allocations: 3862)


Started GET "/articles/1" for ::1 at 2021-09-04 18:36:44 -0700
Processing by ArticlesController#show as HTML
  Parameters: {"id"=>"1"}
  [1m[36mArticle Load (0.1ms)[0m  [1m[34mSELECT "articles".* FROM "articles" WHERE "articles"."id" = ? LIMIT ?[0m  [["id", 1], ["LIMIT", 1]]
  ↳ app/controllers/articles_controller.rb:8:in `show'
  Rendering layout layouts/application.html.erb
  Rendering articles/show.html.erb within layouts/application
  Rendered articles/show.html.erb within layouts/application (Duration: 0.1ms | Allocations: 38)
[Webpacker] Everything's up-to-date. Nothing to do
  Rendered layout layouts/application.html.erb (Duration: 6.4ms | Allocations: 3531)
Completed 200 OK in 9ms (Views: 7.0ms | ActiveRecord: 0.1ms | Allocations: 4461)


Started GET "/articles/" for ::1 at 2021-09-04 18:41:47 -0700
  [1m[35m (0.3ms)[0m  [1m[34mSELECT sqlite_version(*)[0m
  [1m[35m (0.1ms)[0m  [1m[34mSELECT "schema_migrations"."version" FROM "schema_migrations" ORDER BY "schema_migrations"."version" ASC[0m
Processing by ArticlesController#index as HTML
  Rendering layout layouts/application.html.erb
  Rendering articles/index.html.erb within layouts/application
  [1m[36mArticle Load (0.1ms)[0m  [1m[34mSELECT "articles".* FROM "articles"[0m
  ↳ app/views/articles/index.html.erb:4
  Rendered articles/index.html.erb within layouts/application (Duration: 4.7ms | Allocations: 4113)
[Webpacker] Everything's up-to-date. Nothing to do
  Rendered layout layouts/application.html.erb (Duration: 8.9ms | Allocations: 9075)
Completed 200 OK in 15ms (Views: 9.8ms | ActiveRecord: 0.4ms | Allocations: 11927)


Started GET "/articles/" for ::1 at 2021-09-04 18:41:48 -0700
Processing by ArticlesController#index as HTML
  Rendering layout layouts/application.html.erb
  Rendering articles/index.html.erb within layouts/application
  [1m[36mArticle Load (0.1ms)[0m  [1m[34mSELECT "articles".* FROM "articles"[0m
  ↳ app/views/articles/index.html.erb:4
  Rendered articles/index.html.erb within layouts/application (Duration: 1.3ms | Allocations: 757)
[Webpacker] Everything's up-to-date. Nothing to do
  Rendered layout layouts/application.html.erb (Duration: 3.6ms | Allocations: 3669)
Completed 200 OK in 4ms (Views: 3.9ms | ActiveRecord: 0.1ms | Allocations: 4068)


Started GET "/articles/1" for ::1 at 2021-09-04 18:41:49 -0700
Processing by ArticlesController#show as HTML
  Parameters: {"id"=>"1"}
  [1m[36mArticle Load (0.1ms)[0m  [1m[34mSELECT "articles".* FROM "articles" WHERE "articles"."id" = ? LIMIT ?[0m  [["id", 1], ["LIMIT", 1]]
  ↳ app/controllers/articles_controller.rb:8:in `show'
  Rendering layout layouts/application.html.erb
  Rendering articles/show.html.erb within layouts/application
  Rendered articles/show.html.erb within layouts/application (Duration: 0.4ms | Allocations: 147)
[Webpacker] Everything's up-to-date. Nothing to do
  Rendered layout layouts/application.html.erb (Duration: 4.4ms | Allocations: 3158)
Completed 200 OK in 8ms (Views: 5.6ms | ActiveRecord: 0.1ms | Allocations: 5072)


Started GET "/articles/2" for ::1 at 2021-09-04 18:41:50 -0700
Processing by ArticlesController#show as HTML
  Parameters: {"id"=>"2"}
  [1m[36mArticle Load (0.1ms)[0m  [1m[34mSELECT "articles".* FROM "articles" WHERE "articles"."id" = ? LIMIT ?[0m  [["id", 2], ["LIMIT", 1]]
  ↳ app/controllers/articles_controller.rb:8:in `show'
  Rendering layout layouts/application.html.erb
  Rendering articles/show.html.erb within layouts/application
  Rendered articles/show.html.erb within layouts/application (Duration: 0.1ms | Allocations: 39)
[Webpacker] Everything's up-to-date. Nothing to do
  Rendered layout layouts/application.html.erb (Duration: 4.3ms | Allocations: 3087)
Completed 200 OK in 7ms (Views: 5.4ms | ActiveRecord: 0.1ms | Allocations: 4473)


Started GET "/articles/" for ::1 at 2021-09-04 18:50:30 -0700
Processing by ArticlesController#index as HTML
  Rendering layout layouts/application.html.erb
  Rendering articles/index.html.erb within layouts/application
  [1m[35m (0.0ms)[0m  [1m[34mSELECT sqlite_version(*)[0m
  ↳ app/views/articles/index.html.erb:4
  [1m[36mArticle Load (0.1ms)[0m  [1m[34mSELECT "articles".* FROM "articles"[0m
  ↳ app/views/articles/index.html.erb:4
  Rendered articles/index.html.erb within layouts/application (Duration: 4.7ms | Allocations: 3757)
[Webpacker] Everything's up-to-date. Nothing to do
  Rendered layout layouts/application.html.erb (Duration: 7.5ms | Allocations: 6832)
Completed 200 OK in 9ms (Views: 8.4ms | ActiveRecord: 0.3ms | Allocations: 8196)


Started GET "/articles/new" for ::1 at 2021-09-04 18:50:32 -0700
Processing by ArticlesController#new as HTML
  Rendering layout layouts/application.html.erb
  Rendering articles/new.html.erb within layouts/application
  Rendered articles/new.html.erb within layouts/application (Duration: 8.2ms | Allocations: 4079)
[Webpacker] Everything's up-to-date. Nothing to do
  Rendered layout layouts/application.html.erb (Duration: 10.6ms | Allocations: 6989)
Completed 200 OK in 12ms (Views: 11.0ms | ActiveRecord: 0.0ms | Allocations: 7514)


Started POST "/articles" for ::1 at 2021-09-04 18:50:37 -0700
Processing by ArticlesController#create as HTML
  Parameters: {"authenticity_token"=>"[FILTERED]", "article"=>{"title"=>"Hehe", "body"=>"hi"}, "commit"=>"Create Article"}
  [1m[36mTRANSACTION (0.0ms)[0m  [1m[36mbegin transaction[0m
  ↳ app/controllers/articles_controller.rb:18:in `create'
  [1m[36mArticle Create (0.2ms)[0m  [1m[32mINSERT INTO "articles" ("title", "body", "created_at", "updated_at") VALUES (?, ?, ?, ?)[0m  [["title", "..."], ["body", "..."], ["created_at", "2021-09-05 01:50:37.029747"], ["updated_at", "2021-09-05 01:50:37.029747"]]
  ↳ app/controllers/articles_controller.rb:18:in `create'
  [1m[36mTRANSACTION (7.4ms)[0m  [1m[36mcommit transaction[0m
  ↳ app/controllers/articles_controller.rb:18:in `create'
Redirected to http://localhost:3000/articles/3
Completed 302 Found in 14ms (ActiveRecord: 7.7ms | Allocations: 4632)


Started GET "/articles/3" for ::1 at 2021-09-04 18:50:37 -0700
Processing by ArticlesController#show as HTML
  Parameters: {"id"=>"3"}
  [1m[36mArticle Load (0.1ms)[0m  [1m[34mSELECT "articles".* FROM "articles" WHERE "articles"."id" = ? LIMIT ?[0m  [["id", 3], ["LIMIT", 1]]
  ↳ app/controllers/articles_controller.rb:8:in `show'
  Rendering layout layouts/application.html.erb
  Rendering articles/show.html.erb within layouts/application
  Rendered articles/show.html.erb within layouts/application (Duration: 0.3ms | Allocations: 134)
[Webpacker] Everything's up-to-date. Nothing to do
  Rendered layout layouts/application.html.erb (Duration: 3.3ms | Allocations: 3058)
Completed 200 OK in 5ms (Views: 3.7ms | ActiveRecord: 0.1ms | Allocations: 4206)


Started GET "/articles/" for ::1 at 2021-09-04 18:50:41 -0700
Processing by ArticlesController#index as HTML
  Rendering layout layouts/application.html.erb
  Rendering articles/index.html.erb within layouts/application
  [1m[36mArticle Load (0.2ms)[0m  [1m[34mSELECT "articles".* FROM "articles"[0m
  ↳ app/views/articles/index.html.erb:4
  Rendered articles/index.html.erb within layouts/application (Duration: 1.4ms | Allocations: 786)
[Webpacker] Everything's up-to-date. Nothing to do
  Rendered layout layouts/application.html.erb (Duration: 4.0ms | Allocations: 3696)
Completed 200 OK in 5ms (Views: 4.3ms | ActiveRecord: 0.2ms | Allocations: 4084)


Started GET "/articles/3" for ::1 at 2021-09-04 18:50:43 -0700
Processing by ArticlesController#show as HTML
  Parameters: {"id"=>"3"}
  [1m[36mArticle Load (0.1ms)[0m  [1m[34mSELECT "articles".* FROM "articles" WHERE "articles"."id" = ? LIMIT ?[0m  [["id", 3], ["LIMIT", 1]]
  ↳ app/controllers/articles_controller.rb:8:in `show'
  Rendering layout layouts/application.html.erb
  Rendering articles/show.html.erb within layouts/application
  Rendered articles/show.html.erb within layouts/application (Duration: 0.1ms | Allocations: 38)
[Webpacker] Everything's up-to-date. Nothing to do
  Rendered layout layouts/application.html.erb (Duration: 5.4ms | Allocations: 3549)
Completed 200 OK in 7ms (Views: 5.8ms | ActiveRecord: 0.1ms | Allocations: 4461)


Started GET "/articles/" for ::1 at 2021-09-04 18:50:45 -0700
Processing by ArticlesController#index as HTML
  Rendering layout layouts/application.html.erb
  Rendering articles/index.html.erb within layouts/application
  [1m[36mArticle Load (0.1ms)[0m  [1m[34mSELECT "articles".* FROM "articles"[0m
  ↳ app/views/articles/index.html.erb:4
  Rendered articles/index.html.erb within layouts/application (Duration: 1.2ms | Allocations: 780)
[Webpacker] Everything's up-to-date. Nothing to do
  Rendered layout layouts/application.html.erb (Duration: 3.8ms | Allocations: 3690)
Completed 200 OK in 5ms (Views: 4.1ms | ActiveRecord: 0.1ms | Allocations: 4077)


Started GET "/articles/new" for ::1 at 2021-09-04 18:55:32 -0700
Processing by ArticlesController#new as HTML
  [1m[35m (0.1ms)[0m  [1m[34mSELECT sqlite_version(*)[0m
  ↳ app/controllers/articles_controller.rb:12:in `new'
  Rendering layout layouts/application.html.erb
  Rendering articles/new.html.erb within layouts/application
  Rendered articles/new.html.erb within layouts/application (Duration: 1.5ms | Allocations: 731)
[Webpacker] Everything's up-to-date. Nothing to do
  Rendered layout layouts/application.html.erb (Duration: 5.3ms | Allocations: 3632)
Completed 200 OK in 12ms (Views: 6.2ms | ActiveRecord: 0.6ms | Allocations: 7469)


Started POST "/articles" for ::1 at 2021-09-04 18:55:34 -0700
Processing by ArticlesController#create as HTML
  Parameters: {"authenticity_token"=>"[FILTERED]", "article"=>{"title"=>"a", "body"=>"a"}, "commit"=>"Create Article"}
  [1m[36mTRANSACTION (0.0ms)[0m  [1m[36mbegin transaction[0m
  ↳ app/controllers/articles_controller.rb:18:in `create'
  [1m[36mArticle Create (0.2ms)[0m  [1m[32mINSERT INTO "articles" ("title", "body", "created_at", "updated_at") VALUES (?, ?, ?, ?)[0m  [["title", "a"], ["body", "a"], ["created_at", "2021-09-05 01:55:34.159152"], ["updated_at", "2021-09-05 01:55:34.159152"]]
  ↳ app/controllers/articles_controller.rb:18:in `create'
  [1m[36mTRANSACTION (3.8ms)[0m  [1m[36mcommit transaction[0m
  ↳ app/controllers/articles_controller.rb:18:in `create'
Redirected to http://localhost:3000/articles/4
Completed 302 Found in 10ms (ActiveRecord: 4.1ms | Allocations: 4507)


Started GET "/articles/4" for ::1 at 2021-09-04 18:55:34 -0700
Processing by ArticlesController#show as HTML
  Parameters: {"id"=>"4"}
  [1m[36mArticle Load (0.1ms)[0m  [1m[34mSELECT "articles".* FROM "articles" WHERE "articles"."id" = ? LIMIT ?[0m  [["id", 4], ["LIMIT", 1]]
  ↳ app/controllers/articles_controller.rb:8:in `show'
  Rendering layout layouts/application.html.erb
  Rendering articles/show.html.erb within layouts/application
  Rendered articles/show.html.erb within layouts/application (Duration: 0.1ms | Allocations: 38)
[Webpacker] Everything's up-to-date. Nothing to do
  Rendered layout layouts/application.html.erb (Duration: 2.7ms | Allocations: 2959)
Completed 200 OK in 5ms (Views: 3.2ms | ActiveRecord: 0.1ms | Allocations: 3992)


Started GET "/articles/" for ::1 at 2021-09-04 18:55:36 -0700
Processing by ArticlesController#index as HTML
  Rendering layout layouts/application.html.erb
  Rendering articles/index.html.erb within layouts/application
  [1m[36mArticle Load (0.1ms)[0m  [1m[34mSELECT "articles".* FROM "articles"[0m
  ↳ app/views/articles/index.html.erb:4
  Rendered articles/index.html.erb within layouts/application (Duration: 1.5ms | Allocations: 836)
[Webpacker] Everything's up-to-date. Nothing to do
  Rendered layout layouts/application.html.erb (Duration: 4.0ms | Allocations: 3746)
Completed 200 OK in 5ms (Views: 4.3ms | ActiveRecord: 0.1ms | Allocations: 4133)


Started GET "/articles/new" for ::1 at 2021-09-04 18:58:15 -0700
Processing by ArticlesController#new as HTML
  [1m[35m (0.1ms)[0m  [1m[34mSELECT sqlite_version(*)[0m
  ↳ app/controllers/articles_controller.rb:12:in `new'
  Rendering layout layouts/application.html.erb
  Rendering articles/new.html.erb within layouts/application
  Rendered articles/new.html.erb within layouts/application (Duration: 1.2ms | Allocations: 731)
[Webpacker] Everything's up-to-date. Nothing to do
  Rendered layout layouts/application.html.erb (Duration: 3.6ms | Allocations: 3630)
Completed 200 OK in 9ms (Views: 4.3ms | ActiveRecord: 0.5ms | Allocations: 7429)


Started GET "/articles/new" for ::1 at 2021-09-04 18:58:26 -0700
Processing by ArticlesController#new as HTML
  Rendering layout layouts/application.html.erb
  Rendering articles/new.html.erb within layouts/application
  Rendered articles/new.html.erb within layouts/application (Duration: 1.2ms | Allocations: 862)
[Webpacker] Everything's up-to-date. Nothing to do
  Rendered layout layouts/application.html.erb (Duration: 3.8ms | Allocations: 3945)
Completed 200 OK in 5ms (Views: 4.7ms | ActiveRecord: 0.0ms | Allocations: 5048)


Started GET "/articles/new" for ::1 at 2021-09-04 18:58:42 -0700
Processing by ArticlesController#new as HTML
  Rendering layout layouts/application.html.erb
  Rendering articles/new.html.erb within layouts/application
  Rendered articles/new.html.erb within layouts/application (Duration: 1.2ms | Allocations: 859)
[Webpacker] Everything's up-to-date. Nothing to do
  Rendered layout layouts/application.html.erb (Duration: 4.2ms | Allocations: 3952)
Completed 200 OK in 6ms (Views: 5.1ms | ActiveRecord: 0.0ms | Allocations: 5055)


Started GET "/articles/new" for ::1 at 2021-09-04 18:58:47 -0700
Processing by ArticlesController#new as HTML
  Rendering layout layouts/application.html.erb
  Rendering articles/new.html.erb within layouts/application
  Rendered articles/new.html.erb within layouts/application (Duration: 4.9ms | Allocations: 5883)
  Rendered layout layouts/application.html.erb (Duration: 5.1ms | Allocations: 5947)
Completed 500 Internal Server Error in 7ms (ActiveRecord: 0.0ms | Allocations: 7019)


  
ActionView::Template::Error (wrong number of arguments (given 0, expected 1..3)):
    2: 
    3: <%= form_with model: @article do |form| %>
    4:   <div>
    5:     <%= form.label %><br>
    6:     <%= form.text_field :title %>
    7:   </div>
    8: 
  
app/views/articles/new.html.erb:5
app/views/articles/new.html.erb:3
Started GET "/articles/new" for ::1 at 2021-09-04 18:59:16 -0700
Processing by ArticlesController#new as HTML
  Rendering layout layouts/application.html.erb
  Rendering articles/new.html.erb within layouts/application
  Rendered articles/new.html.erb within layouts/application (Duration: 0.5ms | Allocations: 1177)
  Rendered layout layouts/application.html.erb (Duration: 0.7ms | Allocations: 1242)
Completed 500 Internal Server Error in 2ms (ActiveRecord: 0.0ms | Allocations: 2440)


  
ActionView::SyntaxErrorInTemplate (Encountered a syntax error while rendering template: check <h1>New Article</h1>

<%= form_with model: @article do |form| %>
  <div>
    <%= form.label :title "Hello" %><br>
    <%= form.text_field :title %>
  </div>

  <div>
    <%= form.label :body %><br>
    <%= form.text_area :body %>
  </div>

  <div>
    <%= form.submit %>
  </div>
<% end %>
):
1:    <h1>New Article</h1>
2:    
3:    <%= form_with model: @article do |form| %>
4:      <div>
5:        <%= form.label :title "Hello" %><br>
6:        <%= form.text_field :title %>
7:      </div>
8:    
9:      <div>
10:        <%= form.label :body %><br>
11:        <%= form.text_area :body %>
12:      </div>
13:    
14:      <div>
15:        <%= form.submit %>
16:      </div>
17:    <% end %>
  
app/views/articles/new.html.erb:5: syntax error, unexpected string literal, expecting ')'
app/views/articles/new.html.erb:5: syntax error, unexpected string literal, expecting ')'
app/views/articles/new.html.erb:5: syntax error, unexpected string literal, expecting ')'
app/views/articles/new.html.erb:5: syntax error, unexpected string literal, expecting ')'
app/views/articles/new.html.erb:5: syntax error, unexpected string literal, expecting ')'
app/views/articles/new.html.erb:5: syntax error, unexpected string literal, expecting ')'
Started GET "/articles/new" for ::1 at 2021-09-04 18:59:29 -0700
Processing by ArticlesController#new as HTML
  Rendering layout layouts/application.html.erb
  Rendering articles/new.html.erb within layouts/application
  Rendered articles/new.html.erb within layouts/application (Duration: 2.8ms | Allocations: 865)
[Webpacker] Everything's up-to-date. Nothing to do
  Rendered layout layouts/application.html.erb (Duration: 5.6ms | Allocations: 4081)
Completed 200 OK in 7ms (Views: 6.5ms | ActiveRecord: 0.0ms | Allocations: 5192)


Started GET "/articles/new" for ::1 at 2021-09-04 18:59:58 -0700
Processing by ArticlesController#new as HTML
  Rendering layout layouts/application.html.erb
  Rendering articles/new.html.erb within layouts/application
  Rendered articles/new.html.erb within layouts/application (Duration: 1.6ms | Allocations: 658)
[Webpacker] Everything's up-to-date. Nothing to do
  Rendered layout layouts/application.html.erb (Duration: 5.9ms | Allocations: 3741)
Completed 200 OK in 8ms (Views: 6.9ms | ActiveRecord: 0.0ms | Allocations: 4842)


Started GET "/articles/new" for ::1 at 2021-09-04 19:00:02 -0700
Processing by ArticlesController#new as HTML
  Rendering layout layouts/application.html.erb
  Rendering articles/new.html.erb within layouts/application
  Rendered articles/new.html.erb within layouts/application (Duration: 1.1ms | Allocations: 657)
[Webpacker] Everything's up-to-date. Nothing to do
  Rendered layout layouts/application.html.erb (Duration: 4.7ms | Allocations: 3740)
Completed 200 OK in 6ms (Views: 5.6ms | ActiveRecord: 0.0ms | Allocations: 4836)


Started POST "/articles" for ::1 at 2021-09-04 19:00:10 -0700
Processing by ArticlesController#create as HTML
  Parameters: {"authenticity_token"=>"[FILTERED]", "article"=>{"title"=>"Hello", "body"=>"World!"}, "commit"=>"Create Article"}
  [1m[36mTRANSACTION (0.0ms)[0m  [1m[36mbegin transaction[0m
  ↳ app/controllers/articles_controller.rb:18:in `create'
  [1m[36mArticle Create (0.2ms)[0m  [1m[32mINSERT INTO "articles" ("title", "body", "created_at", "updated_at") VALUES (?, ?, ?, ?)[0m  [["title", "Hello"], ["body", "World!"], ["created_at", "2021-09-05 02:00:10.244424"], ["updated_at", "2021-09-05 02:00:10.244424"]]
  ↳ app/controllers/articles_controller.rb:18:in `create'
  [1m[36mTRANSACTION (4.4ms)[0m  [1m[36mcommit transaction[0m
  ↳ app/controllers/articles_controller.rb:18:in `create'
Redirected to http://localhost:3000/articles/5
Completed 302 Found in 10ms (ActiveRecord: 4.7ms | Allocations: 4672)


Started GET "/articles/5" for ::1 at 2021-09-04 19:00:10 -0700
Processing by ArticlesController#show as HTML
  Parameters: {"id"=>"5"}
  [1m[36mArticle Load (0.1ms)[0m  [1m[34mSELECT "articles".* FROM "articles" WHERE "articles"."id" = ? LIMIT ?[0m  [["id", 5], ["LIMIT", 1]]
  ↳ app/controllers/articles_controller.rb:8:in `show'
  Rendering layout layouts/application.html.erb
  Rendering articles/show.html.erb within layouts/application
  Rendered articles/show.html.erb within layouts/application (Duration: 0.3ms | Allocations: 133)
[Webpacker] Everything's up-to-date. Nothing to do
  Rendered layout layouts/application.html.erb (Duration: 3.1ms | Allocations: 3047)
Completed 200 OK in 6ms (Views: 3.5ms | ActiveRecord: 0.1ms | Allocations: 4276)


Started GET "/articles/new" for ::1 at 2021-09-04 19:05:38 -0700
Processing by ArticlesController#new as HTML
  Rendering layout layouts/application.html.erb
  Rendering articles/new.html.erb within layouts/application
  Rendered articles/new.html.erb within layouts/application (Duration: 1.3ms | Allocations: 974)
[Webpacker] Everything's up-to-date. Nothing to do
  Rendered layout layouts/application.html.erb (Duration: 4.4ms | Allocations: 4057)
Completed 200 OK in 6ms (Views: 5.3ms | ActiveRecord: 0.0ms | Allocations: 5153)


Started GET "/articles/new" for ::1 at 2021-09-04 19:05:38 -0700
Processing by ArticlesController#new as HTML
  Rendering layout layouts/application.html.erb
  Rendering articles/new.html.erb within layouts/application
  Rendered articles/new.html.erb within layouts/application (Duration: 1.0ms | Allocations: 685)
[Webpacker] Everything's up-to-date. Nothing to do
  Rendered layout layouts/application.html.erb (Duration: 3.6ms | Allocations: 3594)
Completed 200 OK in 5ms (Views: 4.1ms | ActiveRecord: 0.0ms | Allocations: 3983)


Started POST "/articles" for ::1 at 2021-09-04 19:05:41 -0700
Processing by ArticlesController#create as HTML
  Parameters: {"authenticity_token"=>"[FILTERED]", "article"=>{"title"=>"", "body"=>""}, "commit"=>"Create Article"}
  [1m[36mTRANSACTION (0.0ms)[0m  [1m[36mbegin transaction[0m
  ↳ app/controllers/articles_controller.rb:18:in `create'
  [1m[36mArticle Create (0.2ms)[0m  [1m[32mINSERT INTO "articles" ("title", "body", "created_at", "updated_at") VALUES (?, ?, ?, ?)[0m  [["title", ""], ["body", ""], ["created_at", "2021-09-05 02:05:41.498801"], ["updated_at", "2021-09-05 02:05:41.498801"]]
  ↳ app/controllers/articles_controller.rb:18:in `create'
  [1m[36mTRANSACTION (4.6ms)[0m  [1m[36mcommit transaction[0m
  ↳ app/controllers/articles_controller.rb:18:in `create'
Redirected to http://localhost:3000/articles/6
Completed 302 Found in 11ms (ActiveRecord: 4.9ms | Allocations: 4461)


Started GET "/articles/6" for ::1 at 2021-09-04 19:05:41 -0700
Processing by ArticlesController#show as HTML
  Parameters: {"id"=>"6"}
  [1m[36mArticle Load (0.1ms)[0m  [1m[34mSELECT "articles".* FROM "articles" WHERE "articles"."id" = ? LIMIT ?[0m  [["id", 6], ["LIMIT", 1]]
  ↳ app/controllers/articles_controller.rb:8:in `show'
  Rendering layout layouts/application.html.erb
  Rendering articles/show.html.erb within layouts/application
  Rendered articles/show.html.erb within layouts/application (Duration: 0.3ms | Allocations: 134)
[Webpacker] Everything's up-to-date. Nothing to do
  Rendered layout layouts/application.html.erb (Duration: 2.9ms | Allocations: 3048)
Completed 200 OK in 5ms (Views: 3.3ms | ActiveRecord: 0.1ms | Allocations: 4083)


Started GET "/articles/new" for ::1 at 2021-09-04 19:05:59 -0700
Started GET "/articles/new" for ::1 at 2021-09-04 19:05:59 -0700
Started GET "/articles/1" for ::1 at 2021-09-04 19:05:59 -0700
Processing by ArticlesController#show as HTML
Processing by ArticlesController#new as HTML
Processing by ArticlesController#new as HTML
  Parameters: {"id"=>"1"}
  Rendering layout layouts/application.html.erb
  Rendering layout layouts/application.html.erb
  [1m[36mArticle Load (0.1ms)[0m  [1m[34mSELECT "articles".* FROM "articles" WHERE "articles"."id" = ? LIMIT ?[0m  [["id", 1], ["LIMIT", 1]]
  Rendering articles/new.html.erb within layouts/application
  Rendering articles/new.html.erb within layouts/application
  ↳ app/controllers/articles_controller.rb:8:in `show'
  Rendered articles/new.html.erb within layouts/application (Duration: 1.2ms | Allocations: 685)
  Rendered articles/new.html.erb within layouts/application (Duration: 0.8ms | Allocations: 679)
  Rendering layout layouts/application.html.erb
  Rendering articles/show.html.erb within layouts/application
  Rendered articles/show.html.erb within layouts/application (Duration: 0.1ms | Allocations: 38)
[Webpacker] Everything's up-to-date. Nothing to do
  Rendered layout layouts/application.html.erb (Duration: 21.5ms | Allocations: 9453)
Completed 200 OK in 24ms (Views: 23.3ms | ActiveRecord: 0.0ms | Allocations: 10111)


[Webpacker] Everything's up-to-date. Nothing to do
  Rendered layout layouts/application.html.erb (Duration: 19.6ms | Allocations: 8296)
[Webpacker] Everything's up-to-date. Nothing to do
Completed 200 OK in 26ms (Views: 21.3ms | ActiveRecord: 0.1ms | Allocations: 11067)


  Rendered layout layouts/application.html.erb (Duration: 26.8ms | Allocations: 11844)
Completed 200 OK in 29ms (Views: 28.8ms | ActiveRecord: 0.0ms | Allocations: 12792)


Started GET "/" for ::1 at 2021-09-04 19:06:04 -0700
  [1m[35m (0.2ms)[0m  [1m[34mSELECT sqlite_version(*)[0m
  [1m[35m (0.1ms)[0m  [1m[34mSELECT "schema_migrations"."version" FROM "schema_migrations" ORDER BY "schema_migrations"."version" ASC[0m
Processing by ArticlesController#index as HTML
  Rendering layout layouts/application.html.erb
  Rendering articles/index.html.erb within layouts/application
  [1m[36mArticle Load (0.1ms)[0m  [1m[34mSELECT "articles".* FROM "articles"[0m
  ↳ app/views/articles/index.html.erb:4
  Rendered articles/index.html.erb within layouts/application (Duration: 4.9ms | Allocations: 4262)
[Webpacker] Everything's up-to-date. Nothing to do
  Rendered layout layouts/application.html.erb (Duration: 9.2ms | Allocations: 9224)
Completed 200 OK in 15ms (Views: 10.2ms | ActiveRecord: 0.4ms | Allocations: 12076)


Started GET "/articles/5" for ::1 at 2021-09-04 19:06:06 -0700
Processing by ArticlesController#show as HTML
  Parameters: {"id"=>"5"}
  [1m[36mArticle Load (0.1ms)[0m  [1m[34mSELECT "articles".* FROM "articles" WHERE "articles"."id" = ? LIMIT ?[0m  [["id", 5], ["LIMIT", 1]]
  ↳ app/controllers/articles_controller.rb:8:in `show'
  Rendering layout layouts/application.html.erb
  Rendering articles/show.html.erb within layouts/application
  Rendered articles/show.html.erb within layouts/application (Duration: 0.7ms | Allocations: 155)
[Webpacker] Everything's up-to-date. Nothing to do
  Rendered layout layouts/application.html.erb (Duration: 4.2ms | Allocations: 3146)
Completed 200 OK in 9ms (Views: 4.8ms | ActiveRecord: 0.1ms | Allocations: 5096)


Started GET "/new" for ::1 at 2021-09-04 19:06:08 -0700
  
ActionController::RoutingError (No route matches [GET] "/new"):
  
Started GET "/articles" for ::1 at 2021-09-04 19:06:10 -0700
Processing by ArticlesController#index as HTML
  Rendering layout layouts/application.html.erb
  Rendering articles/index.html.erb within layouts/application
  [1m[36mArticle Load (0.1ms)[0m  [1m[34mSELECT "articles".* FROM "articles"[0m
  ↳ app/views/articles/index.html.erb:4
  Rendered articles/index.html.erb within layouts/application (Duration: 1.8ms | Allocations: 1001)
[Webpacker] Everything's up-to-date. Nothing to do
  Rendered layout layouts/application.html.erb (Duration: 4.5ms | Allocations: 4057)
Completed 200 OK in 6ms (Views: 4.8ms | ActiveRecord: 0.1ms | Allocations: 4546)


Started GET "/articles/new" for ::1 at 2021-09-04 19:06:11 -0700
Processing by ArticlesController#new as HTML
  Rendering layout layouts/application.html.erb
  Rendering articles/new.html.erb within layouts/application
  Rendered articles/new.html.erb within layouts/application (Duration: 2.5ms | Allocations: 2536)
[Webpacker] Everything's up-to-date. Nothing to do
  Rendered layout layouts/application.html.erb (Duration: 5.2ms | Allocations: 5446)
Completed 200 OK in 6ms (Views: 5.6ms | ActiveRecord: 0.0ms | Allocations: 5975)


Started POST "/articles" for ::1 at 2021-09-04 19:06:14 -0700
Processing by ArticlesController#create as HTML
  Parameters: {"authenticity_token"=>"[FILTERED]", "article"=>{"title"=>"asdf", "body"=>"asdf"}, "commit"=>"Create Article"}
  [1m[36mTRANSACTION (0.0ms)[0m  [1m[36mbegin transaction[0m
  ↳ app/controllers/articles_controller.rb:18:in `create'
  [1m[36mArticle Create (0.2ms)[0m  [1m[32mINSERT INTO "articles" ("title", "body", "created_at", "updated_at") VALUES (?, ?, ?, ?)[0m  [["title", "asdf"], ["body", "asdf"], ["created_at", "2021-09-05 02:06:14.072152"], ["updated_at", "2021-09-05 02:06:14.072152"]]
  ↳ app/controllers/articles_controller.rb:18:in `create'
  [1m[36mTRANSACTION (3.9ms)[0m  [1m[36mcommit transaction[0m
  ↳ app/controllers/articles_controller.rb:18:in `create'
Redirected to http://localhost:3000/articles/7
Completed 302 Found in 10ms (ActiveRecord: 4.2ms | Allocations: 4713)


Started GET "/articles/7" for ::1 at 2021-09-04 19:06:14 -0700
Processing by ArticlesController#show as HTML
  Parameters: {"id"=>"7"}
  [1m[36mArticle Load (0.1ms)[0m  [1m[34mSELECT "articles".* FROM "articles" WHERE "articles"."id" = ? LIMIT ?[0m  [["id", 7], ["LIMIT", 1]]
  ↳ app/controllers/articles_controller.rb:8:in `show'
  Rendering layout layouts/application.html.erb
  Rendering articles/show.html.erb within layouts/application
  Rendered articles/show.html.erb within layouts/application (Duration: 0.1ms | Allocations: 38)
[Webpacker] Everything's up-to-date. Nothing to do
  Rendered layout layouts/application.html.erb (Duration: 2.2ms | Allocations: 2958)
Completed 200 OK in 4ms (Views: 2.6ms | ActiveRecord: 0.1ms | Allocations: 3873)


Started GET "/articles/7" for ::1 at 2021-09-04 19:07:55 -0700
Processing by ArticlesController#show as HTML
  Parameters: {"id"=>"7"}
  [1m[35m (0.1ms)[0m  [1m[34mSELECT sqlite_version(*)[0m
  ↳ app/controllers/articles_controller.rb:8:in `show'
  [1m[36mArticle Load (0.1ms)[0m  [1m[34mSELECT "articles".* FROM "articles" WHERE "articles"."id" = ? LIMIT ?[0m  [["id", 7], ["LIMIT", 1]]
  ↳ app/controllers/articles_controller.rb:8:in `show'
  Rendering layout layouts/application.html.erb
  Rendering articles/show.html.erb within layouts/application
  Rendered articles/show.html.erb within layouts/application (Duration: 0.1ms | Allocations: 40)
[Webpacker] Everything's up-to-date. Nothing to do
  Rendered layout layouts/application.html.erb (Duration: 3.1ms | Allocations: 2933)
Completed 200 OK in 11ms (Views: 3.8ms | ActiveRecord: 0.7ms | Allocations: 7704)


Started GET "/articles/new" for ::1 at 2021-09-04 19:07:56 -0700
Processing by ArticlesController#new as HTML
  Rendering layout layouts/application.html.erb
  Rendering articles/new.html.erb within layouts/application
  Rendered articles/new.html.erb within layouts/application (Duration: 1.1ms | Allocations: 738)
[Webpacker] Everything's up-to-date. Nothing to do
  Rendered layout layouts/application.html.erb (Duration: 3.7ms | Allocations: 3647)
Completed 200 OK in 5ms (Views: 4.2ms | ActiveRecord: 0.0ms | Allocations: 4035)


Started POST "/articles" for ::1 at 2021-09-04 19:07:57 -0700
Processing by ArticlesController#create as HTML
  Parameters: {"authenticity_token"=>"[FILTERED]", "article"=>{"title"=>"", "body"=>""}, "commit"=>"Create Article"}
  Rendering layout layouts/application.html.erb
  Rendering articles/new.html.erb within layouts/application
  Rendered articles/new.html.erb within layouts/application (Duration: 8.2ms | Allocations: 3621)
[Webpacker] Everything's up-to-date. Nothing to do
  Rendered layout layouts/application.html.erb (Duration: 10.6ms | Allocations: 6469)
Completed 200 OK in 12ms (Views: 11.0ms | ActiveRecord: 0.0ms | Allocations: 7522)


